[2025-04-23 15:20:15Z INFO HostContext] No proxy settings were found based on environmental variables (http_proxy/https_proxy/HTTP_PROXY/HTTPS_PROXY)
[2025-04-23 15:20:15Z INFO HostContext] Well known directory 'Bin': 'C:\Users\user\cursor\project\portfolio\actions-runner\bin'
[2025-04-23 15:20:15Z INFO HostContext] Well known directory 'Root': 'C:\Users\user\cursor\project\portfolio\actions-runner'
[2025-04-23 15:20:15Z INFO HostContext] Well known config file 'Credentials': 'C:\Users\user\cursor\project\portfolio\actions-runner\.credentials'
[2025-04-23 15:20:15Z INFO HostContext] Well known directory 'Bin': 'C:\Users\user\cursor\project\portfolio\actions-runner\bin'
[2025-04-23 15:20:15Z INFO HostContext] Well known directory 'Root': 'C:\Users\user\cursor\project\portfolio\actions-runner'
[2025-04-23 15:20:15Z INFO HostContext] Well known config file 'Runner': 'C:\Users\user\cursor\project\portfolio\actions-runner\.runner'
[2025-04-23 15:20:15Z INFO Listener] Runner is built for Windows (X64) - win-x64.
[2025-04-23 15:20:15Z INFO Listener] RuntimeInformation: Microsoft Windows 10.0.26100.
[2025-04-23 15:20:15Z INFO Listener] Version: 2.311.0
[2025-04-23 15:20:15Z INFO Listener] Commit: f5cff308c83746dddd726a9a28a1583872305aaa
[2025-04-23 15:20:15Z INFO Listener] Culture: ko-KR
[2025-04-23 15:20:15Z INFO Listener] UI Culture: ko-KR
[2025-04-23 15:20:15Z INFO HostContext] Well known directory 'Bin': 'C:\Users\user\cursor\project\portfolio\actions-runner\bin'
[2025-04-23 15:20:15Z INFO HostContext] Well known directory 'Root': 'C:\Users\user\cursor\project\portfolio\actions-runner'
[2025-04-23 15:20:15Z INFO Listener] Validating directory permissions for: 'C:\Users\user\cursor\project\portfolio\actions-runner'
[2025-04-23 15:20:15Z INFO CommandLineParser] Parse
[2025-04-23 15:20:15Z INFO CommandLineParser] Parsing 5 args
[2025-04-23 15:20:15Z INFO CommandLineParser] parsing argument
[2025-04-23 15:20:15Z INFO CommandLineParser] HasArgs: False
[2025-04-23 15:20:15Z INFO CommandLineParser] Adding Command: configure
[2025-04-23 15:20:15Z INFO CommandLineParser] parsing argument
[2025-04-23 15:20:15Z INFO CommandLineParser] HasArgs: True
[2025-04-23 15:20:15Z INFO CommandLineParser] arg: url
[2025-04-23 15:20:15Z INFO CommandLineParser] parsing argument
[2025-04-23 15:20:15Z INFO CommandLineParser] HasArgs: True
[2025-04-23 15:20:15Z INFO CommandLineParser] Adding option 'url': 'https://github.com/hskdan/jea'
[2025-04-23 15:20:15Z INFO CommandLineParser] parsing argument
[2025-04-23 15:20:15Z INFO CommandLineParser] HasArgs: True
[2025-04-23 15:20:15Z INFO CommandLineParser] arg: token
[2025-04-23 15:20:15Z INFO CommandLineParser] parsing argument
[2025-04-23 15:20:15Z INFO CommandLineParser] HasArgs: True
[2025-04-23 15:20:15Z INFO CommandLineParser] Adding option 'token': '***'
[2025-04-23 15:20:15Z INFO Listener] Arguments parsed
[2025-04-23 15:20:15Z INFO Runner] ExecuteCommand
[2025-04-23 15:20:15Z INFO ConfigurationStore] currentAssemblyLocation: C:\Users\user\cursor\project\portfolio\actions-runner\bin\Runner.Listener.dll
[2025-04-23 15:20:15Z INFO HostContext] Well known directory 'Bin': 'C:\Users\user\cursor\project\portfolio\actions-runner\bin'
[2025-04-23 15:20:15Z INFO ConfigurationStore] binPath: C:\Users\user\cursor\project\portfolio\actions-runner\bin
[2025-04-23 15:20:15Z INFO HostContext] Well known directory 'Bin': 'C:\Users\user\cursor\project\portfolio\actions-runner\bin'
[2025-04-23 15:20:15Z INFO HostContext] Well known directory 'Root': 'C:\Users\user\cursor\project\portfolio\actions-runner'
[2025-04-23 15:20:15Z INFO ConfigurationStore] RootFolder: C:\Users\user\cursor\project\portfolio\actions-runner
[2025-04-23 15:20:15Z INFO HostContext] Well known directory 'Bin': 'C:\Users\user\cursor\project\portfolio\actions-runner\bin'
[2025-04-23 15:20:15Z INFO HostContext] Well known directory 'Root': 'C:\Users\user\cursor\project\portfolio\actions-runner'
[2025-04-23 15:20:15Z INFO HostContext] Well known config file 'Runner': 'C:\Users\user\cursor\project\portfolio\actions-runner\.runner'
[2025-04-23 15:20:15Z INFO ConfigurationStore] ConfigFilePath: C:\Users\user\cursor\project\portfolio\actions-runner\.runner
[2025-04-23 15:20:15Z INFO HostContext] Well known directory 'Bin': 'C:\Users\user\cursor\project\portfolio\actions-runner\bin'
[2025-04-23 15:20:15Z INFO HostContext] Well known directory 'Root': 'C:\Users\user\cursor\project\portfolio\actions-runner'
[2025-04-23 15:20:15Z INFO HostContext] Well known config file 'Credentials': 'C:\Users\user\cursor\project\portfolio\actions-runner\.credentials'
[2025-04-23 15:20:15Z INFO ConfigurationStore] CredFilePath: C:\Users\user\cursor\project\portfolio\actions-runner\.credentials
[2025-04-23 15:20:15Z INFO HostContext] Well known directory 'Bin': 'C:\Users\user\cursor\project\portfolio\actions-runner\bin'
[2025-04-23 15:20:15Z INFO HostContext] Well known directory 'Root': 'C:\Users\user\cursor\project\portfolio\actions-runner'
[2025-04-23 15:20:15Z INFO HostContext] Well known config file 'MigratedCredentials': 'C:\Users\user\cursor\project\portfolio\actions-runner\.credentials_migrated'
[2025-04-23 15:20:15Z INFO ConfigurationStore] MigratedCredFilePath: C:\Users\user\cursor\project\portfolio\actions-runner\.credentials_migrated
[2025-04-23 15:20:15Z INFO HostContext] Well known directory 'Bin': 'C:\Users\user\cursor\project\portfolio\actions-runner\bin'
[2025-04-23 15:20:15Z INFO HostContext] Well known directory 'Root': 'C:\Users\user\cursor\project\portfolio\actions-runner'
[2025-04-23 15:20:15Z INFO HostContext] Well known config file 'Service': 'C:\Users\user\cursor\project\portfolio\actions-runner\.service'
[2025-04-23 15:20:15Z INFO ConfigurationStore] ServiceConfigFilePath: C:\Users\user\cursor\project\portfolio\actions-runner\.service
[2025-04-23 15:20:15Z INFO CommandSettings] Flag 'help': 'False'
[2025-04-23 15:20:15Z INFO CommandSettings] Flag 'version': 'False'
[2025-04-23 15:20:15Z INFO CommandSettings] Flag 'commit': 'False'
[2025-04-23 15:20:15Z INFO CommandSettings] Flag 'check': 'False'
[2025-04-23 15:20:15Z INFO CommandSettings] Command 'configure': 'True'
[2025-04-23 15:20:15Z INFO Terminal] WRITE LINE: 
[2025-04-23 15:20:15Z INFO Terminal] WRITE LINE: --------------------------------------------------------------------------------
[2025-04-23 15:20:15Z INFO Terminal] WRITE LINE: |        ____ _ _   _   _       _          _        _   _                      |
[2025-04-23 15:20:15Z INFO Terminal] WRITE LINE: |       / ___(_) |_| | | |_   _| |__      / \   ___| |_(_) ___  _ __  ___      |
[2025-04-23 15:20:15Z INFO Terminal] WRITE LINE: |      | |  _| | __| |_| | | | | '_ \    / _ \ / __| __| |/ _ \| '_ \/ __|     |
[2025-04-23 15:20:15Z INFO Terminal] WRITE LINE: |      | |_| | | |_|  _  | |_| | |_) |  / ___ \ (__| |_| | (_) | | | \__ \     |
[2025-04-23 15:20:15Z INFO Terminal] WRITE LINE: |       \____|_|\__|_| |_|\__,_|_.__/  /_/   \_\___|\__|_|\___/|_| |_|___/     |
[2025-04-23 15:20:15Z INFO Terminal] WRITE LINE: |                                                                              |
[2025-04-23 15:20:15Z INFO Terminal] WRITE: |                       
[2025-04-23 15:20:15Z INFO Terminal] WRITE: Self-hosted runner registration
[2025-04-23 15:20:15Z INFO Terminal] WRITE LINE:                         |
[2025-04-23 15:20:15Z INFO Terminal] WRITE LINE: |                                                                              |
[2025-04-23 15:20:15Z INFO Terminal] WRITE LINE: --------------------------------------------------------------------------------
[2025-04-23 15:20:15Z INFO ConfigurationManager] ConfigureAsync
[2025-04-23 15:20:15Z INFO CommandSettings] Flag 'generateServiceConfig': 'False'
[2025-04-23 15:20:15Z INFO ConfigurationStore] IsConfigured()
[2025-04-23 15:20:15Z INFO ConfigurationStore] IsConfigured: False
[2025-04-23 15:20:15Z INFO ConfigurationManager] Is configured: False
[2025-04-23 15:20:15Z INFO CommandSettings] Arg 'url': 'https://github.com/hskdan/jea'
[2025-04-23 15:20:15Z INFO CommandSettings] Remove url from Arg dictionary.
[2025-04-23 15:20:15Z INFO CommandSettings] Arg 'token': '***'
[2025-04-23 15:20:15Z INFO CommandSettings] Remove token from Arg dictionary.
[2025-04-23 15:20:16Z INFO ConfigurationManager] Http response code: OK from 'POST https://api.github.com/actions/runner-registration' (EAE1:361397:84B6C:C1606:6809052F)
[2025-04-23 15:20:16Z INFO ConfigurationManager] Using V2 flow: False
[2025-04-23 15:20:16Z INFO ConfigurationManager] cred retrieved via GitHub auth
[2025-04-23 15:20:16Z INFO RunnerServer] EstablishVssConnection
[2025-04-23 15:20:16Z INFO RunnerServer] Establish connection with 100 seconds timeout.
[2025-04-23 15:20:16Z INFO GitHubActionsService] Starting operation Location.GetConnectionData
[2025-04-23 15:20:16Z INFO RunnerServer] EstablishVssConnection
[2025-04-23 15:20:16Z INFO RunnerServer] Establish connection with 60 seconds timeout.
[2025-04-23 15:20:16Z INFO GitHubActionsService] Starting operation Location.GetConnectionData
[2025-04-23 15:20:16Z INFO RunnerServer] EstablishVssConnection
[2025-04-23 15:20:16Z INFO RunnerServer] Establish connection with 60 seconds timeout.
[2025-04-23 15:20:16Z INFO GitHubActionsService] Starting operation Location.GetConnectionData
[2025-04-23 15:20:17Z INFO GitHubActionsService] Finished operation Location.GetConnectionData
[2025-04-23 15:20:17Z INFO GitHubActionsService] Finished operation Location.GetConnectionData
[2025-04-23 15:20:17Z INFO GitHubActionsService] Finished operation Location.GetConnectionData
[2025-04-23 15:20:17Z INFO Terminal] WRITE LINE: 
[2025-04-23 15:20:17Z INFO ConfigurationManager] Test Connection complete.
[2025-04-23 15:20:17Z INFO HostContext] Well known directory 'Bin': 'C:\Users\user\cursor\project\portfolio\actions-runner\bin'
[2025-04-23 15:20:17Z INFO HostContext] Well known directory 'Root': 'C:\Users\user\cursor\project\portfolio\actions-runner'
[2025-04-23 15:20:17Z INFO HostContext] Well known config file 'RSACredentials': 'C:\Users\user\cursor\project\portfolio\actions-runner\.credentials_rsaparams'
[2025-04-23 15:20:17Z INFO RSAEncryptedFileKeyManager] Creating new RSA key using 2048-bit key length
[2025-04-23 15:20:17Z INFO RSAEncryptedFileKeyManager] Successfully saved RSA key parameters to file C:\Users\user\cursor\project\portfolio\actions-runner\.credentials_rsaparams
[2025-04-23 15:20:17Z INFO CommandSettings] Arg 'runnergroup': ''
[2025-04-23 15:20:17Z INFO CommandSettings] Flag 'unattended': 'False'
[2025-04-23 15:20:17Z INFO PromptManager] ReadValue
[2025-04-23 15:20:17Z INFO Terminal] WRITE: Enter the name of the runner group to add this runner to: 
[2025-04-23 15:20:17Z INFO Terminal] WRITE: [press Enter for Default] 
[2025-04-23 15:20:17Z INFO Terminal] READ LINE
